[04-Mar-2025 05:07:31 UTC] PHP Warning:  include(/www/metaal-handel.nl/public_html/metaal-handel/header.php): Failed to open stream: No such file or directory in /www/metaal-handel.nl/public_html/voordelen.php on line 8
[04-Mar-2025 05:07:31 UTC] PHP Warning:  include(): Failed opening '/www/metaal-handel.nl/public_html/metaal-handel/header.php' for inclusion (include_path='.:/usr/share/php') in /www/metaal-handel.nl/public_html/voordelen.php on line 8
[04-Mar-2025 05:07:31 UTC] PHP Warning:  include(/www/metaal-handel.nl/public_html/metaal-handel/footer.php): Failed to open stream: No such file or directory in /www/metaal-handel.nl/public_html/voordelen.php on line 870
[04-Mar-2025 05:07:31 UTC] PHP Warning:  include(): Failed opening '/www/metaal-handel.nl/public_html/metaal-handel/footer.php' for inclusion (include_path='.:/usr/share/php') in /www/metaal-handel.nl/public_html/voordelen.php on line 870
[04-Mar-2025 05:07:33 UTC] PHP Warning:  include(/www/metaal-handel.nl/public_html/metaal-handel/header.php): Failed to open stream: No such file or directory in /www/metaal-handel.nl/public_html/voordelen.php on line 8
[04-Mar-2025 05:07:33 UTC] PHP Warning:  include(): Failed opening '/www/metaal-handel.nl/public_html/metaal-handel/header.php' for inclusion (include_path='.:/usr/share/php') in /www/metaal-handel.nl/public_html/voordelen.php on line 8
[04-Mar-2025 05:07:33 UTC] PHP Warning:  include(/www/metaal-handel.nl/public_html/metaal-handel/footer.php): Failed to open stream: No such file or directory in /www/metaal-handel.nl/public_html/voordelen.php on line 870
[04-Mar-2025 05:07:33 UTC] PHP Warning:  include(): Failed opening '/www/metaal-handel.nl/public_html/metaal-handel/footer.php' for inclusion (include_path='.:/usr/share/php') in /www/metaal-handel.nl/public_html/voordelen.php on line 870
[04-Mar-2025 05:08:11 UTC] PHP Warning:  include(/www/metaal-handel.nl/public_html/metaal-handel/header.php): Failed to open stream: No such file or directory in /www/metaal-handel.nl/public_html/voordelen.php on line 8
[04-Mar-2025 05:08:11 UTC] PHP Warning:  include(): Failed opening '/www/metaal-handel.nl/public_html/metaal-handel/header.php' for inclusion (include_path='.:/usr/share/php') in /www/metaal-handel.nl/public_html/voordelen.php on line 8
[04-Mar-2025 05:08:11 UTC] PHP Warning:  include(/www/metaal-handel.nl/public_html/metaal-handel/footer.php): Failed to open stream: No such file or directory in /www/metaal-handel.nl/public_html/voordelen.php on line 870
[04-Mar-2025 05:08:11 UTC] PHP Warning:  include(): Failed opening '/www/metaal-handel.nl/public_html/metaal-handel/footer.php' for inclusion (include_path='.:/usr/share/php') in /www/metaal-handel.nl/public_html/voordelen.php on line 870
[04-Mar-2025 05:08:12 UTC] PHP Warning:  include(/www/metaal-handel.nl/public_html/metaal-handel/header.php): Failed to open stream: No such file or directory in /www/metaal-handel.nl/public_html/voordelen.php on line 8
[04-Mar-2025 05:08:12 UTC] PHP Warning:  include(): Failed opening '/www/metaal-handel.nl/public_html/metaal-handel/header.php' for inclusion (include_path='.:/usr/share/php') in /www/metaal-handel.nl/public_html/voordelen.php on line 8
[04-Mar-2025 05:08:12 UTC] PHP Warning:  include(/www/metaal-handel.nl/public_html/metaal-handel/footer.php): Failed to open stream: No such file or directory in /www/metaal-handel.nl/public_html/voordelen.php on line 870
[04-Mar-2025 05:08:12 UTC] PHP Warning:  include(): Failed opening '/www/metaal-handel.nl/public_html/metaal-handel/footer.php' for inclusion (include_path='.:/usr/share/php') in /www/metaal-handel.nl/public_html/voordelen.php on line 870
[04-Mar-2025 05:08:23 UTC] PHP Warning:  include(/www/metaal-handel.nl/public_html/metaal-handel/footer.php): Failed to open stream: No such file or directory in /www/metaal-handel.nl/public_html/voordelen.php on line 870
[04-Mar-2025 05:08:23 UTC] PHP Warning:  include(): Failed opening '/www/metaal-handel.nl/public_html/metaal-handel/footer.php' for inclusion (include_path='.:/usr/share/php') in /www/metaal-handel.nl/public_html/voordelen.php on line 870
[04-Mar-2025 05:08:26 UTC] PHP Warning:  include(/www/metaal-handel.nl/public_html/metaal-handel/footer.php): Failed to open stream: No such file or directory in /www/metaal-handel.nl/public_html/voordelen.php on line 870
[04-Mar-2025 05:08:26 UTC] PHP Warning:  include(): Failed opening '/www/metaal-handel.nl/public_html/metaal-handel/footer.php' for inclusion (include_path='.:/usr/share/php') in /www/metaal-handel.nl/public_html/voordelen.php on line 870
[04-Mar-2025 05:11:35 UTC] PHP Warning:  include(/www/metaal-handel.nl/public_html/metaalhandel/header.php): Failed to open stream: No such file or directory in /www/metaal-handel.nl/public_html/hoe-werkt-het.php on line 8
[04-Mar-2025 05:11:35 UTC] PHP Warning:  include(): Failed opening '/www/metaal-handel.nl/public_html/metaalhandel/header.php' for inclusion (include_path='.:/usr/share/php') in /www/metaal-handel.nl/public_html/hoe-werkt-het.php on line 8
[04-Mar-2025 05:11:35 UTC] PHP Warning:  include(/www/metaal-handel.nl/public_html/metaalhandel/footer.php): Failed to open stream: No such file or directory in /www/metaal-handel.nl/public_html/hoe-werkt-het.php on line 211
[04-Mar-2025 05:11:35 UTC] PHP Warning:  include(): Failed opening '/www/metaal-handel.nl/public_html/metaalhandel/footer.php' for inclusion (include_path='.:/usr/share/php') in /www/metaal-handel.nl/public_html/hoe-werkt-het.php on line 211
[04-Mar-2025 05:12:33 UTC] PHP Warning:  include(/www/metaal-handel.nl/public_html/metaalhandel/header.php): Failed to open stream: No such file or directory in /www/metaal-handel.nl/public_html/hoe-werkt-het.php on line 8
[04-Mar-2025 05:12:33 UTC] PHP Warning:  include(): Failed opening '/www/metaal-handel.nl/public_html/metaalhandel/header.php' for inclusion (include_path='.:/usr/share/php') in /www/metaal-handel.nl/public_html/hoe-werkt-het.php on line 8
[04-Mar-2025 05:12:33 UTC] PHP Warning:  include(/www/metaal-handel.nl/public_html/metaalhandel/footer.php): Failed to open stream: No such file or directory in /www/metaal-handel.nl/public_html/hoe-werkt-het.php on line 211
[04-Mar-2025 05:12:33 UTC] PHP Warning:  include(): Failed opening '/www/metaal-handel.nl/public_html/metaalhandel/footer.php' for inclusion (include_path='.:/usr/share/php') in /www/metaal-handel.nl/public_html/hoe-werkt-het.php on line 211
[04-Mar-2025 05:12:43 UTC] PHP Warning:  include(/www/metaal-handel.nl/public_html/metaalhandel/header.php): Failed to open stream: No such file or directory in /www/metaal-handel.nl/public_html/hoe-werkt-het.php on line 8
[04-Mar-2025 05:12:43 UTC] PHP Warning:  include(): Failed opening '/www/metaal-handel.nl/public_html/metaalhandel/header.php' for inclusion (include_path='.:/usr/share/php') in /www/metaal-handel.nl/public_html/hoe-werkt-het.php on line 8
[04-Mar-2025 05:12:43 UTC] PHP Warning:  include(/www/metaal-handel.nl/public_html/metaalhandel/footer.php): Failed to open stream: No such file or directory in /www/metaal-handel.nl/public_html/hoe-werkt-het.php on line 211
[04-Mar-2025 05:12:43 UTC] PHP Warning:  include(): Failed opening '/www/metaal-handel.nl/public_html/metaalhandel/footer.php' for inclusion (include_path='.:/usr/share/php') in /www/metaal-handel.nl/public_html/hoe-werkt-het.php on line 211
[04-Mar-2025 05:13:36 UTC] PHP Warning:  include(/www/metaal-handel.nl/public_html/metaal-handel/header.php): Failed to open stream: No such file or directory in /www/metaal-handel.nl/public_html/veelgestelde-vragen.php on line 8
[04-Mar-2025 05:13:36 UTC] PHP Warning:  include(): Failed opening '/www/metaal-handel.nl/public_html/metaal-handel/header.php' for inclusion (include_path='.:/usr/share/php') in /www/metaal-handel.nl/public_html/veelgestelde-vragen.php on line 8
[04-Mar-2025 05:13:36 UTC] PHP Warning:  include(/www/metaal-handel.nl/public_html/metaal-handel/footer.php): Failed to open stream: No such file or directory in /www/metaal-handel.nl/public_html/veelgestelde-vragen.php on line 736
[04-Mar-2025 05:13:36 UTC] PHP Warning:  include(): Failed opening '/www/metaal-handel.nl/public_html/metaal-handel/footer.php' for inclusion (include_path='.:/usr/share/php') in /www/metaal-handel.nl/public_html/veelgestelde-vragen.php on line 736
[04-Mar-2025 05:14:44 UTC] PHP Warning:  include(/www/metaal-handel.nl/public_html/metaal-handel/header.php): Failed to open stream: No such file or directory in /www/metaal-handel.nl/public_html/aanmelden.php on line 10
[04-Mar-2025 05:14:44 UTC] PHP Warning:  include(): Failed opening '/www/metaal-handel.nl/public_html/metaal-handel/header.php' for inclusion (include_path='.:/usr/share/php') in /www/metaal-handel.nl/public_html/aanmelden.php on line 10
[04-Mar-2025 05:14:44 UTC] PHP Warning:  include(/www/metaal-handel.nl/public_html/metaal-handel/footer.php): Failed to open stream: No such file or directory in /www/metaal-handel.nl/public_html/aanmelden.php on line 1557
[04-Mar-2025 05:14:44 UTC] PHP Warning:  include(): Failed opening '/www/metaal-handel.nl/public_html/metaal-handel/footer.php' for inclusion (include_path='.:/usr/share/php') in /www/metaal-handel.nl/public_html/aanmelden.php on line 1557
